2025-06-04 23:00:57,957 - INFO - Use pytorch device_name: mps
2025-06-04 23:00:57,957 - INFO - Load pretrained SentenceTransformer: intfloat/multilingual-e5-large
2025-06-04 23:01:03,513 - INFO - Loaded 7 entities from data/raw/characters
2025-06-04 23:01:03,812 - INFO - Generated 4 clusters from 7 entities
2025-06-04 23:01:03,812 - INFO - ✅ Saved merged entity: the_wind.jsonld (merged: 2)
2025-06-04 23:01:03,813 - INFO - ✅ Saved merged entity: young_man.jsonld (merged: 2)
2025-06-04 23:01:03,813 - INFO - ✅ Saved merged entity: the_sun.jsonld (merged: 2)
2025-06-04 23:01:03,813 - INFO - ✅ Saved merged entity: the_sailors.jsonld (merged: 1)
2025-06-04 23:01:03,815 - INFO - Loaded 6 entities from data/raw/places
2025-06-04 23:01:04,298 - INFO - Generated 6 clusters from 6 entities
2025-06-04 23:01:04,298 - INFO - ✅ Saved merged entity: large_rock.jsonld (merged: 1)
2025-06-04 23:01:04,298 - INFO - ✅ Saved merged entity: sky.jsonld (merged: 1)
2025-06-04 23:01:04,299 - INFO - ✅ Saved merged entity: lakes.jsonld (merged: 1)
2025-06-04 23:01:04,299 - INFO - ✅ Saved merged entity: windy_road_through_the_mountains.jsonld (merged: 1)
2025-06-04 23:01:04,299 - INFO - ✅ Saved merged entity: earth.jsonld (merged: 1)
2025-06-04 23:01:04,299 - INFO - ✅ Saved merged entity: sea.jsonld (merged: 1)
2025-06-04 23:01:04,301 - INFO - Loaded 8 entities from data/raw/timepoints
2025-06-04 23:01:04,710 - INFO - Generated 8 clusters from 8 entities
2025-06-04 23:01:04,711 - INFO - ✅ Saved merged entity: the_man_undoes_his_top_button.jsonld (merged: 1)
2025-06-04 23:01:04,711 - INFO - ✅ Saved merged entity: the_man_takes_off_his_coat.jsonld (merged: 1)
2025-06-04 23:01:04,711 - INFO - ✅ Saved merged entity: the_man_nods_off_for_a_restful_sleep.jsonld (merged: 1)
2025-06-04 23:01:04,711 - INFO - ✅ Saved merged entity: a_fine_but_very_cold_winter_s_day.jsonld (merged: 1)
2025-06-04 23:01:04,711 - INFO - ✅ Saved merged entity: the_sailors_cheer_and_wave_at_the_sun.jsonld (merged: 1)
2025-06-04 23:01:04,711 - INFO - ✅ Saved merged entity: the_sun_emerges_from_the_cloud.jsonld (merged: 1)
2025-06-04 23:01:04,711 - INFO - ✅ Saved merged entity: the_snow_begins_to_melt.jsonld (merged: 1)
2025-06-04 23:01:04,711 - INFO - ✅ Saved merged entity: suddenly_a_freezing_cold_blast_of_air.jsonld (merged: 1)
